2025-10-27 22:54:38,833 [INFO] 127.0.0.1 - - [27/Oct/2025 22:54:38] "GET / HTTP/1.1" 200 -
2025-10-27 22:54:38,891 [ERROR] 404 Error: /.well-known/appspecific/com.chrome.devtools.json
2025-10-27 22:54:38,895 [INFO] 127.0.0.1 - - [27/Oct/2025 22:54:38] "[33mGET /.well-known/appspecific/com.chrome.devtools.json HTTP/1.1[0m" 404 -
2025-10-27 22:54:38,896 [INFO] 127.0.0.1 - - [27/Oct/2025 22:54:38] "[36mGET /static/css/style.css HTTP/1.1[0m" 304 -
2025-10-27 22:54:38,900 [INFO] 127.0.0.1 - - [27/Oct/2025 22:54:38] "[36mGET /static/js/base.js HTTP/1.1[0m" 304 -
2025-10-27 22:54:41,854 [INFO] 127.0.0.1 - - [27/Oct/2025 22:54:41] "GET /dashboard/tasks HTTP/1.1" 200 -
2025-10-27 22:54:41,880 [ERROR] 404 Error: /.well-known/appspecific/com.chrome.devtools.json
2025-10-27 22:54:41,881 [INFO] 127.0.0.1 - - [27/Oct/2025 22:54:41] "[33mGET /.well-known/appspecific/com.chrome.devtools.json HTTP/1.1[0m" 404 -
2025-10-27 22:54:41,884 [INFO] 127.0.0.1 - - [27/Oct/2025 22:54:41] "[36mGET /static/css/style.css HTTP/1.1[0m" 304 -
2025-10-27 22:54:41,897 [INFO] 127.0.0.1 - - [27/Oct/2025 22:54:41] "[36mGET /static/js/base.js HTTP/1.1[0m" 304 -
2025-10-27 22:54:41,898 [INFO] 127.0.0.1 - - [27/Oct/2025 22:54:41] "[36mGET /static/js/tasks.js HTTP/1.1[0m" 304 -
2025-10-27 22:54:41,916 [INFO] 127.0.0.1 - - [27/Oct/2025 22:54:41] "[31m[1mGET /dashboard/api/tasks HTTP/1.1[0m" 401 -
2025-10-27 22:54:59,397 [INFO] 127.0.0.1 - - [27/Oct/2025 22:54:59] "[35m[1mPOST /api/logout HTTP/1.1[0m" 500 -
2025-10-27 22:54:59,417 [ERROR] Error on request:
Traceback (most recent call last):
  File "C:\Users\HP\Desktop\Lucky_ka_Folder\Python_Web_Development_2\flask_phase_7\env\Lib\site-packages\sqlalchemy\engine\base.py", line 1963, in _exec_single_context
    self.dialect.do_execute(
    ^
  File "C:\Users\HP\Desktop\Lucky_ka_Folder\Python_Web_Development_2\flask_phase_7\env\Lib\site-packages\sqlalchemy\engine\default.py", line 943, in do_execute
    cursor.execute(statement, parameters)
    ~~~~~~~~~~~~~~^^^^^^^^^^^^^^^^^^^^^^^
  File "C:\Users\HP\Desktop\Lucky_ka_Folder\Python_Web_Development_2\flask_phase_7\env\Lib\site-packages\pymysql\cursors.py", line 153, in execute
    result = self._query(query)
  File "C:\Users\HP\Desktop\Lucky_ka_Folder\Python_Web_Development_2\flask_phase_7\env\Lib\site-packages\pymysql\cursors.py", line 322, in _query
    conn.query(q)
    ~~~~~~~~~~^^^
  File "C:\Users\HP\Desktop\Lucky_ka_Folder\Python_Web_Development_2\flask_phase_7\env\Lib\site-packages\pymysql\connections.py", line 563, in query
    self._affected_rows = self._read_query_result(unbuffered=unbuffered)
                          ~~~~~~~~~~~~~~~~~~~~~~~^^^^^^^^^^^^^^^^^^^^^^^
  File "C:\Users\HP\Desktop\Lucky_ka_Folder\Python_Web_Development_2\flask_phase_7\env\Lib\site-packages\pymysql\connections.py", line 825, in _read_query_result
    result.read()
    ~~~~~~~~~~~^^
  File "C:\Users\HP\Desktop\Lucky_ka_Folder\Python_Web_Development_2\flask_phase_7\env\Lib\site-packages\pymysql\connections.py", line 1199, in read
    first_packet = self.connection._read_packet()
  File "C:\Users\HP\Desktop\Lucky_ka_Folder\Python_Web_Development_2\flask_phase_7\env\Lib\site-packages\pymysql\connections.py", line 775, in _read_packet
    packet.raise_for_error()
    ~~~~~~~~~~~~~~~~~~~~~~^^
  File "C:\Users\HP\Desktop\Lucky_ka_Folder\Python_Web_Development_2\flask_phase_7\env\Lib\site-packages\pymysql\protocol.py", line 219, in raise_for_error
    err.raise_mysql_exception(self._data)
    ~~~~~~~~~~~~~~~~~~~~~~~~~^^^^^^^^^^^^
  File "C:\Users\HP\Desktop\Lucky_ka_Folder\Python_Web_Development_2\flask_phase_7\env\Lib\site-packages\pymysql\err.py", line 150, in raise_mysql_exception
    raise errorclass(errno, errval)
pymysql.err.ProgrammingError: (1146, "Table 'task_test_db.blacklisted_tokens' doesn't exist")

The above exception was the direct cause of the following exception:

Traceback (most recent call last):
  File "C:\Users\HP\Desktop\Lucky_ka_Folder\Python_Web_Development_2\flask_phase_7\env\Lib\site-packages\werkzeug\serving.py", line 370, in run_wsgi
    execute(self.server.app)
    ~~~~~~~^^^^^^^^^^^^^^^^^
  File "C:\Users\HP\Desktop\Lucky_ka_Folder\Python_Web_Development_2\flask_phase_7\env\Lib\site-packages\werkzeug\serving.py", line 331, in execute
    application_iter = app(environ, start_response)
  File "C:\Users\HP\Desktop\Lucky_ka_Folder\Python_Web_Development_2\flask_phase_7\env\Lib\site-packages\flask\app.py", line 1536, in __call__
    return self.wsgi_app(environ, start_response)
           ~~~~~~~~~~~~~^^^^^^^^^^^^^^^^^^^^^^^^^
  File "C:\Users\HP\Desktop\Lucky_ka_Folder\Python_Web_Development_2\flask_phase_7\env\Lib\site-packages\flask\app.py", line 1514, in wsgi_app
    response = self.handle_exception(e)
  File "C:\Users\HP\Desktop\Lucky_ka_Folder\Python_Web_Development_2\flask_phase_7\env\Lib\site-packages\flask_restful\__init__.py", line 298, in error_router
    return original_handler(e)
  File "C:\Users\HP\Desktop\Lucky_ka_Folder\Python_Web_Development_2\flask_phase_7\env\Lib\site-packages\flask_restful\__init__.py", line 298, in error_router
    return original_handler(e)
  File "C:\Users\HP\Desktop\Lucky_ka_Folder\Python_Web_Development_2\flask_phase_7\env\Lib\site-packages\flask_restful\__init__.py", line 295, in error_router
    return self.handle_error(e)
           ~~~~~~~~~~~~~~~~~^^^
  File "C:\Users\HP\Desktop\Lucky_ka_Folder\Python_Web_Development_2\flask_phase_7\env\Lib\site-packages\flask_restful\__init__.py", line 310, in handle_error
    _handle_flask_propagate_exceptions_config(current_app, e)
    ~~~~~~~~~~~~~~~~~~~~~~~~~~~~~~~~~~~~~~~~~^^^^^^^^^^^^^^^^
  File "C:\Users\HP\Desktop\Lucky_ka_Folder\Python_Web_Development_2\flask_phase_7\env\Lib\site-packages\flask\app.py", line 1511, in wsgi_app
    response = self.full_dispatch_request()
  File "C:\Users\HP\Desktop\Lucky_ka_Folder\Python_Web_Development_2\flask_phase_7\env\Lib\site-packages\flask\app.py", line 919, in full_dispatch_request
    rv = self.handle_user_exception(e)
  File "C:\Users\HP\Desktop\Lucky_ka_Folder\Python_Web_Development_2\flask_phase_7\env\Lib\site-packages\flask_restful\__init__.py", line 298, in error_router
    return original_handler(e)
  File "C:\Users\HP\Desktop\Lucky_ka_Folder\Python_Web_Development_2\flask_phase_7\env\Lib\site-packages\flask_restful\__init__.py", line 298, in error_router
    return original_handler(e)
  File "C:\Users\HP\Desktop\Lucky_ka_Folder\Python_Web_Development_2\flask_phase_7\env\Lib\site-packages\flask_restful\__init__.py", line 295, in error_router
    return self.handle_error(e)
           ~~~~~~~~~~~~~~~~~^^^
  File "C:\Users\HP\Desktop\Lucky_ka_Folder\Python_Web_Development_2\flask_phase_7\env\Lib\site-packages\flask_restful\__init__.py", line 310, in handle_error
    _handle_flask_propagate_exceptions_config(current_app, e)
    ~~~~~~~~~~~~~~~~~~~~~~~~~~~~~~~~~~~~~~~~~^^^^^^^^^^^^^^^^
  File "C:\Users\HP\Desktop\Lucky_ka_Folder\Python_Web_Development_2\flask_phase_7\env\Lib\site-packages\flask\app.py", line 917, in full_dispatch_request
    rv = self.dispatch_request()
  File "C:\Users\HP\Desktop\Lucky_ka_Folder\Python_Web_Development_2\flask_phase_7\env\Lib\site-packages\flask\app.py", line 902, in dispatch_request
    return self.ensure_sync(self.view_functions[rule.endpoint])(**view_args)  # type: ignore[no-any-return]
           ~~~~~~~~~~~~~~~~~~~~~~~~~~~~~~~~~~~~~~~~~~~~~~~~~~~~^^^^^^^^^^^^^
  File "C:\Users\HP\Desktop\Lucky_ka_Folder\Python_Web_Development_2\flask_phase_7\env\Lib\site-packages\flask_restful\__init__.py", line 489, in wrapper
    resp = resource(*args, **kwargs)
  File "C:\Users\HP\Desktop\Lucky_ka_Folder\Python_Web_Development_2\flask_phase_7\env\Lib\site-packages\flask\views.py", line 110, in view
    return current_app.ensure_sync(self.dispatch_request)(**kwargs)  # type: ignore[no-any-return]
           ~~~~~~~~~~~~~~~~~~~~~~~~~~~~~~~~~~~~~~~~~~~~~~^^^^^^^^^^
  File "C:\Users\HP\Desktop\Lucky_ka_Folder\Python_Web_Development_2\flask_phase_7\env\Lib\site-packages\flask_restful\__init__.py", line 604, in dispatch_request
    resp = meth(*args, **kwargs)
  File "C:\Users\HP\Desktop\Lucky_ka_Folder\Python_Web_Development_2\flask_phase_7\app\auth\api_routes.py", line 72, in post
    db.session.commit()
    ~~~~~~~~~~~~~~~~~^^
  File "C:\Users\HP\Desktop\Lucky_ka_Folder\Python_Web_Development_2\flask_phase_7\env\Lib\site-packages\sqlalchemy\orm\scoping.py", line 599, in commit
    return self._proxied.commit()
           ~~~~~~~~~~~~~~~~~~~~^^
  File "C:\Users\HP\Desktop\Lucky_ka_Folder\Python_Web_Development_2\flask_phase_7\env\Lib\site-packages\sqlalchemy\orm\session.py", line 2032, in commit
    trans.commit(_to_root=True)
    ~~~~~~~~~~~~^^^^^^^^^^^^^^^
  File "<string>", line 2, in commit
  File "C:\Users\HP\Desktop\Lucky_ka_Folder\Python_Web_Development_2\flask_phase_7\env\Lib\site-packages\sqlalchemy\orm\state_changes.py", line 139, in _go
    ret_value = fn(self, *arg, **kw)
  File "C:\Users\HP\Desktop\Lucky_ka_Folder\Python_Web_Development_2\flask_phase_7\env\Lib\site-packages\sqlalchemy\orm\session.py", line 1313, in commit
    self._prepare_impl()
    ~~~~~~~~~~~~~~~~~~^^
  File "<string>", line 2, in _prepare_impl
  File "C:\Users\HP\Desktop\Lucky_ka_Folder\Python_Web_Development_2\flask_phase_7\env\Lib\site-packages\sqlalchemy\orm\state_changes.py", line 139, in _go
    ret_value = fn(self, *arg, **kw)
  File "C:\Users\HP\Desktop\Lucky_ka_Folder\Python_Web_Development_2\flask_phase_7\env\Lib\site-packages\sqlalchemy\orm\session.py", line 1288, in _prepare_impl
    self.session.flush()
    ~~~~~~~~~~~~~~~~~~^^
  File "C:\Users\HP\Desktop\Lucky_ka_Folder\Python_Web_Development_2\flask_phase_7\env\Lib\site-packages\sqlalchemy\orm\session.py", line 4345, in flush
    self._flush(objects)
    ~~~~~~~~~~~^^^^^^^^^
  File "C:\Users\HP\Desktop\Lucky_ka_Folder\Python_Web_Development_2\flask_phase_7\env\Lib\site-packages\sqlalchemy\orm\session.py", line 4480, in _flush
    with util.safe_reraise():
         ~~~~~~~~~~~~~~~~~^^
  File "C:\Users\HP\Desktop\Lucky_ka_Folder\Python_Web_Development_2\flask_phase_7\env\Lib\site-packages\sqlalchemy\util\langhelpers.py", line 224, in __exit__
    raise exc_value.with_traceback(exc_tb)
  File "C:\Users\HP\Desktop\Lucky_ka_Folder\Python_Web_Development_2\flask_phase_7\env\Lib\site-packages\sqlalchemy\orm\session.py", line 4441, in _flush
    flush_context.execute()
    ~~~~~~~~~~~~~~~~~~~~~^^
  File "C:\Users\HP\Desktop\Lucky_ka_Folder\Python_Web_Development_2\flask_phase_7\env\Lib\site-packages\sqlalchemy\orm\unitofwork.py", line 466, in execute
    rec.execute(self)
    ~~~~~~~~~~~^^^^^^
  File "C:\Users\HP\Desktop\Lucky_ka_Folder\Python_Web_Development_2\flask_phase_7\env\Lib\site-packages\sqlalchemy\orm\unitofwork.py", line 642, in execute
    util.preloaded.orm_persistence.save_obj(
    ^
  File "C:\Users\HP\Desktop\Lucky_ka_Folder\Python_Web_Development_2\flask_phase_7\env\Lib\site-packages\sqlalchemy\orm\persistence.py", line 93, in save_obj
    _emit_insert_statements(
    ^
  File "C:\Users\HP\Desktop\Lucky_ka_Folder\Python_Web_Development_2\flask_phase_7\env\Lib\site-packages\sqlalchemy\orm\persistence.py", line 1233, in _emit_insert_statements
    result = connection.execute(
    
  File "C:\Users\HP\Desktop\Lucky_ka_Folder\Python_Web_Development_2\flask_phase_7\env\Lib\site-packages\sqlalchemy\engine\base.py", line 1415, in execute
    return meth(
    
  File "C:\Users\HP\Desktop\Lucky_ka_Folder\Python_Web_Development_2\flask_phase_7\env\Lib\site-packages\sqlalchemy\sql\elements.py", line 523, in _execute_on_connection
    return connection._execute_clauseelement(
    
  File "C:\Users\HP\Desktop\Lucky_ka_Folder\Python_Web_Development_2\flask_phase_7\env\Lib\site-packages\sqlalchemy\engine\base.py", line 1637, in _execute_clauseelement
    ret = self._execute_context(
    
  File "C:\Users\HP\Desktop\Lucky_ka_Folder\Python_Web_Development_2\flask_phase_7\env\Lib\site-packages\sqlalchemy\engine\base.py", line 1842, in _execute_context
    return self._exec_single_context(
    
  File "C:\Users\HP\Desktop\Lucky_ka_Folder\Python_Web_Development_2\flask_phase_7\env\Lib\site-packages\sqlalchemy\engine\base.py", line 1982, in _exec_single_context
    self._handle_dbapi_exception(
    ^
  File "C:\Users\HP\Desktop\Lucky_ka_Folder\Python_Web_Development_2\flask_phase_7\env\Lib\site-packages\sqlalchemy\engine\base.py", line 2351, in _handle_dbapi_exception
    raise sqlalchemy_exception.with_traceback(exc_info[2]) from e
  File "C:\Users\HP\Desktop\Lucky_ka_Folder\Python_Web_Development_2\flask_phase_7\env\Lib\site-packages\sqlalchemy\engine\base.py", line 1963, in _exec_single_context
    self.dialect.do_execute(
    ^
  File "C:\Users\HP\Desktop\Lucky_ka_Folder\Python_Web_Development_2\flask_phase_7\env\Lib\site-packages\sqlalchemy\engine\default.py", line 943, in do_execute
    cursor.execute(statement, parameters)
    ~~~~~~~~~~~~~~^^^^^^^^^^^^^^^^^^^^^^^
  File "C:\Users\HP\Desktop\Lucky_ka_Folder\Python_Web_Development_2\flask_phase_7\env\Lib\site-packages\pymysql\cursors.py", line 153, in execute
    result = self._query(query)
  File "C:\Users\HP\Desktop\Lucky_ka_Folder\Python_Web_Development_2\flask_phase_7\env\Lib\site-packages\pymysql\cursors.py", line 322, in _query
    conn.query(q)
    ~~~~~~~~~~^^^
  File "C:\Users\HP\Desktop\Lucky_ka_Folder\Python_Web_Development_2\flask_phase_7\env\Lib\site-packages\pymysql\connections.py", line 563, in query
    self._affected_rows = self._read_query_result(unbuffered=unbuffered)
                          ~~~~~~~~~~~~~~~~~~~~~~~^^^^^^^^^^^^^^^^^^^^^^^
  File "C:\Users\HP\Desktop\Lucky_ka_Folder\Python_Web_Development_2\flask_phase_7\env\Lib\site-packages\pymysql\connections.py", line 825, in _read_query_result
    result.read()
    ~~~~~~~~~~~^^
  File "C:\Users\HP\Desktop\Lucky_ka_Folder\Python_Web_Development_2\flask_phase_7\env\Lib\site-packages\pymysql\connections.py", line 1199, in read
    first_packet = self.connection._read_packet()
  File "C:\Users\HP\Desktop\Lucky_ka_Folder\Python_Web_Development_2\flask_phase_7\env\Lib\site-packages\pymysql\connections.py", line 775, in _read_packet
    packet.raise_for_error()
    ~~~~~~~~~~~~~~~~~~~~~~^^
  File "C:\Users\HP\Desktop\Lucky_ka_Folder\Python_Web_Development_2\flask_phase_7\env\Lib\site-packages\pymysql\protocol.py", line 219, in raise_for_error
    err.raise_mysql_exception(self._data)
    ~~~~~~~~~~~~~~~~~~~~~~~~~^^^^^^^^^^^^
  File "C:\Users\HP\Desktop\Lucky_ka_Folder\Python_Web_Development_2\flask_phase_7\env\Lib\site-packages\pymysql\err.py", line 150, in raise_mysql_exception
    raise errorclass(errno, errval)
sqlalchemy.exc.ProgrammingError: (pymysql.err.ProgrammingError) (1146, "Table 'task_test_db.blacklisted_tokens' doesn't exist")
[SQL: INSERT INTO blacklisted_tokens (token, blacklisted_on) VALUES (%(token)s, %(blacklisted_on)s)]
[parameters: {'token': 'eyJhbGciOiJIUzI1NiIsInR5cCI6IkpXVCJ9.eyJmcmVzaCI6ZmFsc2UsImlhdCI6MTc2MTI3MzUwNSwianRpIjoiYmJjMTAxZGEtM2JiMy00NzZmLWJiNTMtMzhmZDgyNWRiMDg4IiwidHlwZSI6 ... (29 characters truncated) ... mJmIjoxNzYxMjczNTA1LCJjc3JmIjoiZDJkOTFkNGItMzFjYy00ZDliLTk1ZTQtZGFhYTBiZGNiOGE5IiwiZXhwIjoxNzYzODY1NTA1fQ.ZA_5W_TFb8D6DYqQa41KRfN2aPmUFTQvzKyHuiEfk5o', 'blacklisted_on': datetime.datetime(2025, 10, 27, 22, 54, 59, 392942)}]
(Background on this error at: https://sqlalche.me/e/20/f405)
2025-10-27 23:00:07,646 [INFO] 127.0.0.1 - - [27/Oct/2025 23:00:07] "GET /dashboard/tasks HTTP/1.1" 200 -
2025-10-27 23:00:07,671 [INFO] 127.0.0.1 - - [27/Oct/2025 23:00:07] "[36mGET /static/css/style.css HTTP/1.1[0m" 304 -
2025-10-27 23:00:07,685 [ERROR] 404 Error: /.well-known/appspecific/com.chrome.devtools.json
2025-10-27 23:00:07,686 [INFO] 127.0.0.1 - - [27/Oct/2025 23:00:07] "[33mGET /.well-known/appspecific/com.chrome.devtools.json HTTP/1.1[0m" 404 -
2025-10-27 23:00:07,692 [INFO] 127.0.0.1 - - [27/Oct/2025 23:00:07] "GET /static/js/tasks.js HTTP/1.1" 200 -
2025-10-27 23:00:07,736 [INFO] 127.0.0.1 - - [27/Oct/2025 23:00:07] "GET /static/js/base.js HTTP/1.1" 200 -
2025-10-27 23:00:07,750 [INFO] 127.0.0.1 - - [27/Oct/2025 23:00:07] "[31m[1mGET /dashboard/api/tasks HTTP/1.1[0m" 401 -
2025-10-27 23:00:07,758 [INFO] 127.0.0.1 - - [27/Oct/2025 23:00:07] "POST /api/refresh HTTP/1.1" 200 -
2025-10-27 23:00:07,784 [INFO] 127.0.0.1 - - [27/Oct/2025 23:00:07] "[35m[1mGET /dashboard/api/tasks HTTP/1.1[0m" 500 -
2025-10-27 23:00:07,815 [ERROR] Error on request:
Traceback (most recent call last):
  File "C:\Users\HP\Desktop\Lucky_ka_Folder\Python_Web_Development_2\flask_phase_7\env\Lib\site-packages\sqlalchemy\engine\base.py", line 1963, in _exec_single_context
    self.dialect.do_execute(
    ^
  File "C:\Users\HP\Desktop\Lucky_ka_Folder\Python_Web_Development_2\flask_phase_7\env\Lib\site-packages\sqlalchemy\engine\default.py", line 943, in do_execute
    cursor.execute(statement, parameters)
    ~~~~~~~~~~~~~~^^^^^^^^^^^^^^^^^^^^^^^
  File "C:\Users\HP\Desktop\Lucky_ka_Folder\Python_Web_Development_2\flask_phase_7\env\Lib\site-packages\pymysql\cursors.py", line 153, in execute
    result = self._query(query)
  File "C:\Users\HP\Desktop\Lucky_ka_Folder\Python_Web_Development_2\flask_phase_7\env\Lib\site-packages\pymysql\cursors.py", line 322, in _query
    conn.query(q)
    ~~~~~~~~~~^^^
  File "C:\Users\HP\Desktop\Lucky_ka_Folder\Python_Web_Development_2\flask_phase_7\env\Lib\site-packages\pymysql\connections.py", line 563, in query
    self._affected_rows = self._read_query_result(unbuffered=unbuffered)
                          ~~~~~~~~~~~~~~~~~~~~~~~^^^^^^^^^^^^^^^^^^^^^^^
  File "C:\Users\HP\Desktop\Lucky_ka_Folder\Python_Web_Development_2\flask_phase_7\env\Lib\site-packages\pymysql\connections.py", line 825, in _read_query_result
    result.read()
    ~~~~~~~~~~~^^
  File "C:\Users\HP\Desktop\Lucky_ka_Folder\Python_Web_Development_2\flask_phase_7\env\Lib\site-packages\pymysql\connections.py", line 1199, in read
    first_packet = self.connection._read_packet()
  File "C:\Users\HP\Desktop\Lucky_ka_Folder\Python_Web_Development_2\flask_phase_7\env\Lib\site-packages\pymysql\connections.py", line 775, in _read_packet
    packet.raise_for_error()
    ~~~~~~~~~~~~~~~~~~~~~~^^
  File "C:\Users\HP\Desktop\Lucky_ka_Folder\Python_Web_Development_2\flask_phase_7\env\Lib\site-packages\pymysql\protocol.py", line 219, in raise_for_error
    err.raise_mysql_exception(self._data)
    ~~~~~~~~~~~~~~~~~~~~~~~~~^^^^^^^^^^^^
  File "C:\Users\HP\Desktop\Lucky_ka_Folder\Python_Web_Development_2\flask_phase_7\env\Lib\site-packages\pymysql\err.py", line 150, in raise_mysql_exception
    raise errorclass(errno, errval)
pymysql.err.ProgrammingError: (1146, "Table 'task_test_db.tasks' doesn't exist")

The above exception was the direct cause of the following exception:

Traceback (most recent call last):
  File "C:\Users\HP\Desktop\Lucky_ka_Folder\Python_Web_Development_2\flask_phase_7\env\Lib\site-packages\werkzeug\serving.py", line 370, in run_wsgi
    execute(self.server.app)
    ~~~~~~~^^^^^^^^^^^^^^^^^
  File "C:\Users\HP\Desktop\Lucky_ka_Folder\Python_Web_Development_2\flask_phase_7\env\Lib\site-packages\werkzeug\serving.py", line 331, in execute
    application_iter = app(environ, start_response)
  File "C:\Users\HP\Desktop\Lucky_ka_Folder\Python_Web_Development_2\flask_phase_7\env\Lib\site-packages\flask\app.py", line 1536, in __call__
    return self.wsgi_app(environ, start_response)
           ~~~~~~~~~~~~~^^^^^^^^^^^^^^^^^^^^^^^^^
  File "C:\Users\HP\Desktop\Lucky_ka_Folder\Python_Web_Development_2\flask_phase_7\env\Lib\site-packages\flask\app.py", line 1514, in wsgi_app
    response = self.handle_exception(e)
  File "C:\Users\HP\Desktop\Lucky_ka_Folder\Python_Web_Development_2\flask_phase_7\env\Lib\site-packages\flask_restful\__init__.py", line 298, in error_router
    return original_handler(e)
  File "C:\Users\HP\Desktop\Lucky_ka_Folder\Python_Web_Development_2\flask_phase_7\env\Lib\site-packages\flask_restful\__init__.py", line 298, in error_router
    return original_handler(e)
  File "C:\Users\HP\Desktop\Lucky_ka_Folder\Python_Web_Development_2\flask_phase_7\env\Lib\site-packages\flask_restful\__init__.py", line 295, in error_router
    return self.handle_error(e)
           ~~~~~~~~~~~~~~~~~^^^
  File "C:\Users\HP\Desktop\Lucky_ka_Folder\Python_Web_Development_2\flask_phase_7\env\Lib\site-packages\flask_restful\__init__.py", line 310, in handle_error
    _handle_flask_propagate_exceptions_config(current_app, e)
    ~~~~~~~~~~~~~~~~~~~~~~~~~~~~~~~~~~~~~~~~~^^^^^^^^^^^^^^^^
  File "C:\Users\HP\Desktop\Lucky_ka_Folder\Python_Web_Development_2\flask_phase_7\env\Lib\site-packages\flask\app.py", line 1511, in wsgi_app
    response = self.full_dispatch_request()
  File "C:\Users\HP\Desktop\Lucky_ka_Folder\Python_Web_Development_2\flask_phase_7\env\Lib\site-packages\flask\app.py", line 919, in full_dispatch_request
    rv = self.handle_user_exception(e)
  File "C:\Users\HP\Desktop\Lucky_ka_Folder\Python_Web_Development_2\flask_phase_7\env\Lib\site-packages\flask_restful\__init__.py", line 298, in error_router
    return original_handler(e)
  File "C:\Users\HP\Desktop\Lucky_ka_Folder\Python_Web_Development_2\flask_phase_7\env\Lib\site-packages\flask_restful\__init__.py", line 298, in error_router
    return original_handler(e)
  File "C:\Users\HP\Desktop\Lucky_ka_Folder\Python_Web_Development_2\flask_phase_7\env\Lib\site-packages\flask_restful\__init__.py", line 295, in error_router
    return self.handle_error(e)
           ~~~~~~~~~~~~~~~~~^^^
  File "C:\Users\HP\Desktop\Lucky_ka_Folder\Python_Web_Development_2\flask_phase_7\env\Lib\site-packages\flask_restful\__init__.py", line 310, in handle_error
    _handle_flask_propagate_exceptions_config(current_app, e)
    ~~~~~~~~~~~~~~~~~~~~~~~~~~~~~~~~~~~~~~~~~^^^^^^^^^^^^^^^^
  File "C:\Users\HP\Desktop\Lucky_ka_Folder\Python_Web_Development_2\flask_phase_7\env\Lib\site-packages\flask\app.py", line 917, in full_dispatch_request
    rv = self.dispatch_request()
  File "C:\Users\HP\Desktop\Lucky_ka_Folder\Python_Web_Development_2\flask_phase_7\env\Lib\site-packages\flask\app.py", line 902, in dispatch_request
    return self.ensure_sync(self.view_functions[rule.endpoint])(**view_args)  # type: ignore[no-any-return]
           ~~~~~~~~~~~~~~~~~~~~~~~~~~~~~~~~~~~~~~~~~~~~~~~~~~~~^^^^^^^^^^^^^
  File "C:\Users\HP\Desktop\Lucky_ka_Folder\Python_Web_Development_2\flask_phase_7\env\Lib\site-packages\flask_restful\__init__.py", line 489, in wrapper
    resp = resource(*args, **kwargs)
  File "C:\Users\HP\Desktop\Lucky_ka_Folder\Python_Web_Development_2\flask_phase_7\env\Lib\site-packages\flask\views.py", line 110, in view
    return current_app.ensure_sync(self.dispatch_request)(**kwargs)  # type: ignore[no-any-return]
           ~~~~~~~~~~~~~~~~~~~~~~~~~~~~~~~~~~~~~~~~~~~~~~^^^^^^^^^^
  File "C:\Users\HP\Desktop\Lucky_ka_Folder\Python_Web_Development_2\flask_phase_7\env\Lib\site-packages\flask_restful\__init__.py", line 604, in dispatch_request
    resp = meth(*args, **kwargs)
  File "C:\Users\HP\Desktop\Lucky_ka_Folder\Python_Web_Development_2\flask_phase_7\env\Lib\site-packages\flask_jwt_extended\view_decorators.py", line 170, in decorator
    return current_app.ensure_sync(fn)(*args, **kwargs)
           ~~~~~~~~~~~~~~~~~~~~~~~~~~~^^^^^^^^^^^^^^^^^
  File "C:\Users\HP\Desktop\Lucky_ka_Folder\Python_Web_Development_2\flask_phase_7\app\dashboard\api_routes.py", line 23, in get
    paginated = query.paginate(page=page,per_page=limit,error_out=False)
  File "C:\Users\HP\Desktop\Lucky_ka_Folder\Python_Web_Development_2\flask_phase_7\env\Lib\site-packages\flask_sqlalchemy\query.py", line 98, in paginate
    return QueryPagination(
    
  File "C:\Users\HP\Desktop\Lucky_ka_Folder\Python_Web_Development_2\flask_phase_7\env\Lib\site-packages\flask_sqlalchemy\pagination.py", line 72, in __init__
    items = self._query_items()
  File "C:\Users\HP\Desktop\Lucky_ka_Folder\Python_Web_Development_2\flask_phase_7\env\Lib\site-packages\flask_sqlalchemy\pagination.py", line 358, in _query_items
    out = query.limit(self.per_page).offset(self._query_offset).all()
  File "C:\Users\HP\Desktop\Lucky_ka_Folder\Python_Web_Development_2\flask_phase_7\env\Lib\site-packages\sqlalchemy\orm\query.py", line 2704, in all
    return self._iter().all()  # type: ignore
           ~~~~~~~~~~^^
  File "C:\Users\HP\Desktop\Lucky_ka_Folder\Python_Web_Development_2\flask_phase_7\env\Lib\site-packages\sqlalchemy\orm\query.py", line 2857, in _iter
    result: Union[ScalarResult[_T], Result[_T]] = self.session.execute(
    
  File "C:\Users\HP\Desktop\Lucky_ka_Folder\Python_Web_Development_2\flask_phase_7\env\Lib\site-packages\sqlalchemy\orm\session.py", line 2365, in execute
    return self._execute_internal(
    
  File "C:\Users\HP\Desktop\Lucky_ka_Folder\Python_Web_Development_2\flask_phase_7\env\Lib\site-packages\sqlalchemy\orm\session.py", line 2251, in _execute_internal
    result: Result[Any] = compile_state_cls.orm_execute_statement(
    
  File "C:\Users\HP\Desktop\Lucky_ka_Folder\Python_Web_Development_2\flask_phase_7\env\Lib\site-packages\sqlalchemy\orm\context.py", line 306, in orm_execute_statement
    result = conn.execute(
    
  File "C:\Users\HP\Desktop\Lucky_ka_Folder\Python_Web_Development_2\flask_phase_7\env\Lib\site-packages\sqlalchemy\engine\base.py", line 1415, in execute
    return meth(
    
  File "C:\Users\HP\Desktop\Lucky_ka_Folder\Python_Web_Development_2\flask_phase_7\env\Lib\site-packages\sqlalchemy\sql\elements.py", line 523, in _execute_on_connection
    return connection._execute_clauseelement(
    
  File "C:\Users\HP\Desktop\Lucky_ka_Folder\Python_Web_Development_2\flask_phase_7\env\Lib\site-packages\sqlalchemy\engine\base.py", line 1637, in _execute_clauseelement
    ret = self._execute_context(
    
  File "C:\Users\HP\Desktop\Lucky_ka_Folder\Python_Web_Development_2\flask_phase_7\env\Lib\site-packages\sqlalchemy\engine\base.py", line 1842, in _execute_context
    return self._exec_single_context(
    
  File "C:\Users\HP\Desktop\Lucky_ka_Folder\Python_Web_Development_2\flask_phase_7\env\Lib\site-packages\sqlalchemy\engine\base.py", line 1982, in _exec_single_context
    self._handle_dbapi_exception(
    ^
  File "C:\Users\HP\Desktop\Lucky_ka_Folder\Python_Web_Development_2\flask_phase_7\env\Lib\site-packages\sqlalchemy\engine\base.py", line 2351, in _handle_dbapi_exception
    raise sqlalchemy_exception.with_traceback(exc_info[2]) from e
  File "C:\Users\HP\Desktop\Lucky_ka_Folder\Python_Web_Development_2\flask_phase_7\env\Lib\site-packages\sqlalchemy\engine\base.py", line 1963, in _exec_single_context
    self.dialect.do_execute(
    ^
  File "C:\Users\HP\Desktop\Lucky_ka_Folder\Python_Web_Development_2\flask_phase_7\env\Lib\site-packages\sqlalchemy\engine\default.py", line 943, in do_execute
    cursor.execute(statement, parameters)
    ~~~~~~~~~~~~~~^^^^^^^^^^^^^^^^^^^^^^^
  File "C:\Users\HP\Desktop\Lucky_ka_Folder\Python_Web_Development_2\flask_phase_7\env\Lib\site-packages\pymysql\cursors.py", line 153, in execute
    result = self._query(query)
  File "C:\Users\HP\Desktop\Lucky_ka_Folder\Python_Web_Development_2\flask_phase_7\env\Lib\site-packages\pymysql\cursors.py", line 322, in _query
    conn.query(q)
    ~~~~~~~~~~^^^
  File "C:\Users\HP\Desktop\Lucky_ka_Folder\Python_Web_Development_2\flask_phase_7\env\Lib\site-packages\pymysql\connections.py", line 563, in query
    self._affected_rows = self._read_query_result(unbuffered=unbuffered)
                          ~~~~~~~~~~~~~~~~~~~~~~~^^^^^^^^^^^^^^^^^^^^^^^
  File "C:\Users\HP\Desktop\Lucky_ka_Folder\Python_Web_Development_2\flask_phase_7\env\Lib\site-packages\pymysql\connections.py", line 825, in _read_query_result
    result.read()
    ~~~~~~~~~~~^^
  File "C:\Users\HP\Desktop\Lucky_ka_Folder\Python_Web_Development_2\flask_phase_7\env\Lib\site-packages\pymysql\connections.py", line 1199, in read
    first_packet = self.connection._read_packet()
  File "C:\Users\HP\Desktop\Lucky_ka_Folder\Python_Web_Development_2\flask_phase_7\env\Lib\site-packages\pymysql\connections.py", line 775, in _read_packet
    packet.raise_for_error()
    ~~~~~~~~~~~~~~~~~~~~~~^^
  File "C:\Users\HP\Desktop\Lucky_ka_Folder\Python_Web_Development_2\flask_phase_7\env\Lib\site-packages\pymysql\protocol.py", line 219, in raise_for_error
    err.raise_mysql_exception(self._data)
    ~~~~~~~~~~~~~~~~~~~~~~~~~^^^^^^^^^^^^
  File "C:\Users\HP\Desktop\Lucky_ka_Folder\Python_Web_Development_2\flask_phase_7\env\Lib\site-packages\pymysql\err.py", line 150, in raise_mysql_exception
    raise errorclass(errno, errval)
sqlalchemy.exc.ProgrammingError: (pymysql.err.ProgrammingError) (1146, "Table 'task_test_db.tasks' doesn't exist")
[SQL: SELECT tasks.id AS tasks_id, tasks.title AS tasks_title, tasks.done AS tasks_done, tasks.user_id AS tasks_user_id 
FROM tasks 
WHERE tasks.user_id = %(user_id_1)s 
 LIMIT %(param_1)s, %(param_2)s]
[parameters: {'user_id_1': 8, 'param_1': 0, 'param_2': 5}]
(Background on this error at: https://sqlalche.me/e/20/f405)
2025-10-27 23:00:08,090 [INFO] 127.0.0.1 - - [27/Oct/2025 23:00:08] "GET /dashboard/tasks HTTP/1.1" 200 -
2025-10-27 23:00:08,115 [INFO] 127.0.0.1 - - [27/Oct/2025 23:00:08] "[36mGET /static/css/style.css HTTP/1.1[0m" 304 -
2025-10-27 23:00:08,121 [INFO] 127.0.0.1 - - [27/Oct/2025 23:00:08] "[36mGET /static/js/base.js HTTP/1.1[0m" 304 -
2025-10-27 23:00:08,124 [ERROR] 404 Error: /.well-known/appspecific/com.chrome.devtools.json
2025-10-27 23:00:08,126 [INFO] 127.0.0.1 - - [27/Oct/2025 23:00:08] "[33mGET /.well-known/appspecific/com.chrome.devtools.json HTTP/1.1[0m" 404 -
2025-10-27 23:00:08,131 [INFO] 127.0.0.1 - - [27/Oct/2025 23:00:08] "[36mGET /static/js/tasks.js HTTP/1.1[0m" 304 -
2025-10-27 23:00:08,153 [INFO] 127.0.0.1 - - [27/Oct/2025 23:00:08] "[35m[1mGET /dashboard/api/tasks HTTP/1.1[0m" 500 -
2025-10-27 23:00:08,173 [ERROR] Error on request:
Traceback (most recent call last):
  File "C:\Users\HP\Desktop\Lucky_ka_Folder\Python_Web_Development_2\flask_phase_7\env\Lib\site-packages\sqlalchemy\engine\base.py", line 1963, in _exec_single_context
    self.dialect.do_execute(
    ^
  File "C:\Users\HP\Desktop\Lucky_ka_Folder\Python_Web_Development_2\flask_phase_7\env\Lib\site-packages\sqlalchemy\engine\default.py", line 943, in do_execute
    cursor.execute(statement, parameters)
    ~~~~~~~~~~~~~~^^^^^^^^^^^^^^^^^^^^^^^
  File "C:\Users\HP\Desktop\Lucky_ka_Folder\Python_Web_Development_2\flask_phase_7\env\Lib\site-packages\pymysql\cursors.py", line 153, in execute
    result = self._query(query)
  File "C:\Users\HP\Desktop\Lucky_ka_Folder\Python_Web_Development_2\flask_phase_7\env\Lib\site-packages\pymysql\cursors.py", line 322, in _query
    conn.query(q)
    ~~~~~~~~~~^^^
  File "C:\Users\HP\Desktop\Lucky_ka_Folder\Python_Web_Development_2\flask_phase_7\env\Lib\site-packages\pymysql\connections.py", line 563, in query
    self._affected_rows = self._read_query_result(unbuffered=unbuffered)
                          ~~~~~~~~~~~~~~~~~~~~~~~^^^^^^^^^^^^^^^^^^^^^^^
  File "C:\Users\HP\Desktop\Lucky_ka_Folder\Python_Web_Development_2\flask_phase_7\env\Lib\site-packages\pymysql\connections.py", line 825, in _read_query_result
    result.read()
    ~~~~~~~~~~~^^
  File "C:\Users\HP\Desktop\Lucky_ka_Folder\Python_Web_Development_2\flask_phase_7\env\Lib\site-packages\pymysql\connections.py", line 1199, in read
    first_packet = self.connection._read_packet()
  File "C:\Users\HP\Desktop\Lucky_ka_Folder\Python_Web_Development_2\flask_phase_7\env\Lib\site-packages\pymysql\connections.py", line 775, in _read_packet
    packet.raise_for_error()
    ~~~~~~~~~~~~~~~~~~~~~~^^
  File "C:\Users\HP\Desktop\Lucky_ka_Folder\Python_Web_Development_2\flask_phase_7\env\Lib\site-packages\pymysql\protocol.py", line 219, in raise_for_error
    err.raise_mysql_exception(self._data)
    ~~~~~~~~~~~~~~~~~~~~~~~~~^^^^^^^^^^^^
  File "C:\Users\HP\Desktop\Lucky_ka_Folder\Python_Web_Development_2\flask_phase_7\env\Lib\site-packages\pymysql\err.py", line 150, in raise_mysql_exception
    raise errorclass(errno, errval)
pymysql.err.ProgrammingError: (1146, "Table 'task_test_db.tasks' doesn't exist")

The above exception was the direct cause of the following exception:

Traceback (most recent call last):
  File "C:\Users\HP\Desktop\Lucky_ka_Folder\Python_Web_Development_2\flask_phase_7\env\Lib\site-packages\werkzeug\serving.py", line 370, in run_wsgi
    execute(self.server.app)
    ~~~~~~~^^^^^^^^^^^^^^^^^
  File "C:\Users\HP\Desktop\Lucky_ka_Folder\Python_Web_Development_2\flask_phase_7\env\Lib\site-packages\werkzeug\serving.py", line 331, in execute
    application_iter = app(environ, start_response)
  File "C:\Users\HP\Desktop\Lucky_ka_Folder\Python_Web_Development_2\flask_phase_7\env\Lib\site-packages\flask\app.py", line 1536, in __call__
    return self.wsgi_app(environ, start_response)
           ~~~~~~~~~~~~~^^^^^^^^^^^^^^^^^^^^^^^^^
  File "C:\Users\HP\Desktop\Lucky_ka_Folder\Python_Web_Development_2\flask_phase_7\env\Lib\site-packages\flask\app.py", line 1514, in wsgi_app
    response = self.handle_exception(e)
  File "C:\Users\HP\Desktop\Lucky_ka_Folder\Python_Web_Development_2\flask_phase_7\env\Lib\site-packages\flask_restful\__init__.py", line 298, in error_router
    return original_handler(e)
  File "C:\Users\HP\Desktop\Lucky_ka_Folder\Python_Web_Development_2\flask_phase_7\env\Lib\site-packages\flask_restful\__init__.py", line 298, in error_router
    return original_handler(e)
  File "C:\Users\HP\Desktop\Lucky_ka_Folder\Python_Web_Development_2\flask_phase_7\env\Lib\site-packages\flask_restful\__init__.py", line 295, in error_router
    return self.handle_error(e)
           ~~~~~~~~~~~~~~~~~^^^
  File "C:\Users\HP\Desktop\Lucky_ka_Folder\Python_Web_Development_2\flask_phase_7\env\Lib\site-packages\flask_restful\__init__.py", line 310, in handle_error
    _handle_flask_propagate_exceptions_config(current_app, e)
    ~~~~~~~~~~~~~~~~~~~~~~~~~~~~~~~~~~~~~~~~~^^^^^^^^^^^^^^^^
  File "C:\Users\HP\Desktop\Lucky_ka_Folder\Python_Web_Development_2\flask_phase_7\env\Lib\site-packages\flask\app.py", line 1511, in wsgi_app
    response = self.full_dispatch_request()
  File "C:\Users\HP\Desktop\Lucky_ka_Folder\Python_Web_Development_2\flask_phase_7\env\Lib\site-packages\flask\app.py", line 919, in full_dispatch_request
    rv = self.handle_user_exception(e)
  File "C:\Users\HP\Desktop\Lucky_ka_Folder\Python_Web_Development_2\flask_phase_7\env\Lib\site-packages\flask_restful\__init__.py", line 298, in error_router
    return original_handler(e)
  File "C:\Users\HP\Desktop\Lucky_ka_Folder\Python_Web_Development_2\flask_phase_7\env\Lib\site-packages\flask_restful\__init__.py", line 298, in error_router
    return original_handler(e)
  File "C:\Users\HP\Desktop\Lucky_ka_Folder\Python_Web_Development_2\flask_phase_7\env\Lib\site-packages\flask_restful\__init__.py", line 295, in error_router
    return self.handle_error(e)
           ~~~~~~~~~~~~~~~~~^^^
  File "C:\Users\HP\Desktop\Lucky_ka_Folder\Python_Web_Development_2\flask_phase_7\env\Lib\site-packages\flask_restful\__init__.py", line 310, in handle_error
    _handle_flask_propagate_exceptions_config(current_app, e)
    ~~~~~~~~~~~~~~~~~~~~~~~~~~~~~~~~~~~~~~~~~^^^^^^^^^^^^^^^^
  File "C:\Users\HP\Desktop\Lucky_ka_Folder\Python_Web_Development_2\flask_phase_7\env\Lib\site-packages\flask\app.py", line 917, in full_dispatch_request
    rv = self.dispatch_request()
  File "C:\Users\HP\Desktop\Lucky_ka_Folder\Python_Web_Development_2\flask_phase_7\env\Lib\site-packages\flask\app.py", line 902, in dispatch_request
    return self.ensure_sync(self.view_functions[rule.endpoint])(**view_args)  # type: ignore[no-any-return]
           ~~~~~~~~~~~~~~~~~~~~~~~~~~~~~~~~~~~~~~~~~~~~~~~~~~~~^^^^^^^^^^^^^
  File "C:\Users\HP\Desktop\Lucky_ka_Folder\Python_Web_Development_2\flask_phase_7\env\Lib\site-packages\flask_restful\__init__.py", line 489, in wrapper
    resp = resource(*args, **kwargs)
  File "C:\Users\HP\Desktop\Lucky_ka_Folder\Python_Web_Development_2\flask_phase_7\env\Lib\site-packages\flask\views.py", line 110, in view
    return current_app.ensure_sync(self.dispatch_request)(**kwargs)  # type: ignore[no-any-return]
           ~~~~~~~~~~~~~~~~~~~~~~~~~~~~~~~~~~~~~~~~~~~~~~^^^^^^^^^^
  File "C:\Users\HP\Desktop\Lucky_ka_Folder\Python_Web_Development_2\flask_phase_7\env\Lib\site-packages\flask_restful\__init__.py", line 604, in dispatch_request
    resp = meth(*args, **kwargs)
  File "C:\Users\HP\Desktop\Lucky_ka_Folder\Python_Web_Development_2\flask_phase_7\env\Lib\site-packages\flask_jwt_extended\view_decorators.py", line 170, in decorator
    return current_app.ensure_sync(fn)(*args, **kwargs)
           ~~~~~~~~~~~~~~~~~~~~~~~~~~~^^^^^^^^^^^^^^^^^
  File "C:\Users\HP\Desktop\Lucky_ka_Folder\Python_Web_Development_2\flask_phase_7\app\dashboard\api_routes.py", line 23, in get
    paginated = query.paginate(page=page,per_page=limit,error_out=False)
  File "C:\Users\HP\Desktop\Lucky_ka_Folder\Python_Web_Development_2\flask_phase_7\env\Lib\site-packages\flask_sqlalchemy\query.py", line 98, in paginate
    return QueryPagination(
    
  File "C:\Users\HP\Desktop\Lucky_ka_Folder\Python_Web_Development_2\flask_phase_7\env\Lib\site-packages\flask_sqlalchemy\pagination.py", line 72, in __init__
    items = self._query_items()
  File "C:\Users\HP\Desktop\Lucky_ka_Folder\Python_Web_Development_2\flask_phase_7\env\Lib\site-packages\flask_sqlalchemy\pagination.py", line 358, in _query_items
    out = query.limit(self.per_page).offset(self._query_offset).all()
  File "C:\Users\HP\Desktop\Lucky_ka_Folder\Python_Web_Development_2\flask_phase_7\env\Lib\site-packages\sqlalchemy\orm\query.py", line 2704, in all
    return self._iter().all()  # type: ignore
           ~~~~~~~~~~^^
  File "C:\Users\HP\Desktop\Lucky_ka_Folder\Python_Web_Development_2\flask_phase_7\env\Lib\site-packages\sqlalchemy\orm\query.py", line 2857, in _iter
    result: Union[ScalarResult[_T], Result[_T]] = self.session.execute(
    
  File "C:\Users\HP\Desktop\Lucky_ka_Folder\Python_Web_Development_2\flask_phase_7\env\Lib\site-packages\sqlalchemy\orm\session.py", line 2365, in execute
    return self._execute_internal(
    
  File "C:\Users\HP\Desktop\Lucky_ka_Folder\Python_Web_Development_2\flask_phase_7\env\Lib\site-packages\sqlalchemy\orm\session.py", line 2251, in _execute_internal
    result: Result[Any] = compile_state_cls.orm_execute_statement(
    
  File "C:\Users\HP\Desktop\Lucky_ka_Folder\Python_Web_Development_2\flask_phase_7\env\Lib\site-packages\sqlalchemy\orm\context.py", line 306, in orm_execute_statement
    result = conn.execute(
    
  File "C:\Users\HP\Desktop\Lucky_ka_Folder\Python_Web_Development_2\flask_phase_7\env\Lib\site-packages\sqlalchemy\engine\base.py", line 1415, in execute
    return meth(
    
  File "C:\Users\HP\Desktop\Lucky_ka_Folder\Python_Web_Development_2\flask_phase_7\env\Lib\site-packages\sqlalchemy\sql\elements.py", line 523, in _execute_on_connection
    return connection._execute_clauseelement(
    
  File "C:\Users\HP\Desktop\Lucky_ka_Folder\Python_Web_Development_2\flask_phase_7\env\Lib\site-packages\sqlalchemy\engine\base.py", line 1637, in _execute_clauseelement
    ret = self._execute_context(
    
  File "C:\Users\HP\Desktop\Lucky_ka_Folder\Python_Web_Development_2\flask_phase_7\env\Lib\site-packages\sqlalchemy\engine\base.py", line 1842, in _execute_context
    return self._exec_single_context(
    
  File "C:\Users\HP\Desktop\Lucky_ka_Folder\Python_Web_Development_2\flask_phase_7\env\Lib\site-packages\sqlalchemy\engine\base.py", line 1982, in _exec_single_context
    self._handle_dbapi_exception(
    ^
  File "C:\Users\HP\Desktop\Lucky_ka_Folder\Python_Web_Development_2\flask_phase_7\env\Lib\site-packages\sqlalchemy\engine\base.py", line 2351, in _handle_dbapi_exception
    raise sqlalchemy_exception.with_traceback(exc_info[2]) from e
  File "C:\Users\HP\Desktop\Lucky_ka_Folder\Python_Web_Development_2\flask_phase_7\env\Lib\site-packages\sqlalchemy\engine\base.py", line 1963, in _exec_single_context
    self.dialect.do_execute(
    ^
  File "C:\Users\HP\Desktop\Lucky_ka_Folder\Python_Web_Development_2\flask_phase_7\env\Lib\site-packages\sqlalchemy\engine\default.py", line 943, in do_execute
    cursor.execute(statement, parameters)
    ~~~~~~~~~~~~~~^^^^^^^^^^^^^^^^^^^^^^^
  File "C:\Users\HP\Desktop\Lucky_ka_Folder\Python_Web_Development_2\flask_phase_7\env\Lib\site-packages\pymysql\cursors.py", line 153, in execute
    result = self._query(query)
  File "C:\Users\HP\Desktop\Lucky_ka_Folder\Python_Web_Development_2\flask_phase_7\env\Lib\site-packages\pymysql\cursors.py", line 322, in _query
    conn.query(q)
    ~~~~~~~~~~^^^
  File "C:\Users\HP\Desktop\Lucky_ka_Folder\Python_Web_Development_2\flask_phase_7\env\Lib\site-packages\pymysql\connections.py", line 563, in query
    self._affected_rows = self._read_query_result(unbuffered=unbuffered)
                          ~~~~~~~~~~~~~~~~~~~~~~~^^^^^^^^^^^^^^^^^^^^^^^
  File "C:\Users\HP\Desktop\Lucky_ka_Folder\Python_Web_Development_2\flask_phase_7\env\Lib\site-packages\pymysql\connections.py", line 825, in _read_query_result
    result.read()
    ~~~~~~~~~~~^^
  File "C:\Users\HP\Desktop\Lucky_ka_Folder\Python_Web_Development_2\flask_phase_7\env\Lib\site-packages\pymysql\connections.py", line 1199, in read
    first_packet = self.connection._read_packet()
  File "C:\Users\HP\Desktop\Lucky_ka_Folder\Python_Web_Development_2\flask_phase_7\env\Lib\site-packages\pymysql\connections.py", line 775, in _read_packet
    packet.raise_for_error()
    ~~~~~~~~~~~~~~~~~~~~~~^^
  File "C:\Users\HP\Desktop\Lucky_ka_Folder\Python_Web_Development_2\flask_phase_7\env\Lib\site-packages\pymysql\protocol.py", line 219, in raise_for_error
    err.raise_mysql_exception(self._data)
    ~~~~~~~~~~~~~~~~~~~~~~~~~^^^^^^^^^^^^
  File "C:\Users\HP\Desktop\Lucky_ka_Folder\Python_Web_Development_2\flask_phase_7\env\Lib\site-packages\pymysql\err.py", line 150, in raise_mysql_exception
    raise errorclass(errno, errval)
sqlalchemy.exc.ProgrammingError: (pymysql.err.ProgrammingError) (1146, "Table 'task_test_db.tasks' doesn't exist")
[SQL: SELECT tasks.id AS tasks_id, tasks.title AS tasks_title, tasks.done AS tasks_done, tasks.user_id AS tasks_user_id 
FROM tasks 
WHERE tasks.user_id = %(user_id_1)s 
 LIMIT %(param_1)s, %(param_2)s]
[parameters: {'user_id_1': 8, 'param_1': 0, 'param_2': 5}]
(Background on this error at: https://sqlalche.me/e/20/f405)
2025-10-27 23:08:34,912 [INFO] [31m[1mWARNING: This is a development server. Do not use it in a production deployment. Use a production WSGI server instead.[0m
 * Running on http://127.0.0.1:5000
2025-10-27 23:08:34,912 [INFO] [33mPress CTRL+C to quit[0m
2025-10-27 23:08:34,913 [INFO]  * Restarting with stat
2025-10-27 23:08:35,825 [WARNING]  * Debugger is active!
2025-10-27 23:08:35,830 [INFO]  * Debugger PIN: 145-734-327
2025-10-27 23:08:44,836 [INFO] 127.0.0.1 - - [27/Oct/2025 23:08:44] "GET /dashboard/tasks HTTP/1.1" 200 -
2025-10-27 23:08:44,854 [ERROR] 404 Error: /.well-known/appspecific/com.chrome.devtools.json
2025-10-27 23:08:44,863 [INFO] 127.0.0.1 - - [27/Oct/2025 23:08:44] "[33mGET /.well-known/appspecific/com.chrome.devtools.json HTTP/1.1[0m" 404 -
2025-10-27 23:08:45,025 [INFO] 127.0.0.1 - - [27/Oct/2025 23:08:45] "[36mGET /static/css/style.css HTTP/1.1[0m" 304 -
2025-10-27 23:08:45,027 [INFO] 127.0.0.1 - - [27/Oct/2025 23:08:45] "[36mGET /static/js/tasks.js HTTP/1.1[0m" 304 -
2025-10-27 23:08:45,032 [INFO] 127.0.0.1 - - [27/Oct/2025 23:08:45] "[36mGET /static/js/base.js HTTP/1.1[0m" 304 -
2025-10-27 23:08:45,124 [INFO] 127.0.0.1 - - [27/Oct/2025 23:08:45] "GET /dashboard/api/tasks HTTP/1.1" 200 -
2025-10-27 23:08:46,446 [INFO] 127.0.0.1 - - [27/Oct/2025 23:08:46] "GET /dashboard/tasks HTTP/1.1" 200 -
2025-10-27 23:08:46,471 [ERROR] 404 Error: /.well-known/appspecific/com.chrome.devtools.json
2025-10-27 23:08:46,472 [INFO] 127.0.0.1 - - [27/Oct/2025 23:08:46] "[33mGET /.well-known/appspecific/com.chrome.devtools.json HTTP/1.1[0m" 404 -
2025-10-27 23:08:46,478 [INFO] 127.0.0.1 - - [27/Oct/2025 23:08:46] "GET /static/css/style.css HTTP/1.1" 200 -
2025-10-27 23:08:46,479 [INFO] 127.0.0.1 - - [27/Oct/2025 23:08:46] "GET /static/js/base.js HTTP/1.1" 200 -
2025-10-27 23:08:46,482 [INFO] 127.0.0.1 - - [27/Oct/2025 23:08:46] "GET /static/js/tasks.js HTTP/1.1" 200 -
2025-10-27 23:08:46,514 [ERROR] 404 Error: /favicon.ico
2025-10-27 23:08:46,519 [INFO] 127.0.0.1 - - [27/Oct/2025 23:08:46] "[33mGET /favicon.ico HTTP/1.1[0m" 404 -
2025-10-27 23:08:46,520 [INFO] 127.0.0.1 - - [27/Oct/2025 23:08:46] "GET /dashboard/api/tasks HTTP/1.1" 200 -
2025-10-27 23:08:47,023 [INFO] 127.0.0.1 - - [27/Oct/2025 23:08:47] "GET /dashboard/tasks HTTP/1.1" 200 -
2025-10-27 23:08:47,041 [ERROR] 404 Error: /.well-known/appspecific/com.chrome.devtools.json
2025-10-27 23:08:47,044 [INFO] 127.0.0.1 - - [27/Oct/2025 23:08:47] "[33mGET /.well-known/appspecific/com.chrome.devtools.json HTTP/1.1[0m" 404 -
2025-10-27 23:08:47,055 [INFO] 127.0.0.1 - - [27/Oct/2025 23:08:47] "GET /static/css/style.css HTTP/1.1" 200 -
2025-10-27 23:08:47,062 [INFO] 127.0.0.1 - - [27/Oct/2025 23:08:47] "GET /static/js/base.js HTTP/1.1" 200 -
2025-10-27 23:08:47,063 [INFO] 127.0.0.1 - - [27/Oct/2025 23:08:47] "GET /static/js/tasks.js HTTP/1.1" 200 -
2025-10-27 23:08:47,088 [ERROR] 404 Error: /favicon.ico
2025-10-27 23:08:47,090 [INFO] 127.0.0.1 - - [27/Oct/2025 23:08:47] "[33mGET /favicon.ico HTTP/1.1[0m" 404 -
2025-10-27 23:08:47,091 [INFO] 127.0.0.1 - - [27/Oct/2025 23:08:47] "GET /dashboard/api/tasks HTTP/1.1" 200 -
2025-10-27 23:08:49,224 [INFO] 127.0.0.1 - - [27/Oct/2025 23:08:49] "GET / HTTP/1.1" 200 -
2025-10-27 23:08:49,271 [ERROR] 404 Error: /.well-known/appspecific/com.chrome.devtools.json
2025-10-27 23:08:49,274 [INFO] 127.0.0.1 - - [27/Oct/2025 23:08:49] "[33mGET /.well-known/appspecific/com.chrome.devtools.json HTTP/1.1[0m" 404 -
2025-10-27 23:08:49,278 [INFO] 127.0.0.1 - - [27/Oct/2025 23:08:49] "[36mGET /static/js/base.js HTTP/1.1[0m" 304 -
2025-10-27 23:08:49,281 [INFO] 127.0.0.1 - - [27/Oct/2025 23:08:49] "[36mGET /static/css/style.css HTTP/1.1[0m" 304 -
2025-10-27 23:08:50,103 [INFO] 127.0.0.1 - - [27/Oct/2025 23:08:50] "GET /register HTTP/1.1" 200 -
2025-10-27 23:08:50,159 [ERROR] 404 Error: /.well-known/appspecific/com.chrome.devtools.json
2025-10-27 23:08:50,161 [INFO] 127.0.0.1 - - [27/Oct/2025 23:08:50] "[33mGET /.well-known/appspecific/com.chrome.devtools.json HTTP/1.1[0m" 404 -
2025-10-27 23:08:50,164 [INFO] 127.0.0.1 - - [27/Oct/2025 23:08:50] "[36mGET /static/css/style.css HTTP/1.1[0m" 304 -
2025-10-27 23:08:50,166 [INFO] 127.0.0.1 - - [27/Oct/2025 23:08:50] "[36mGET /static/js/base.js HTTP/1.1[0m" 304 -
2025-10-27 23:08:50,175 [INFO] 127.0.0.1 - - [27/Oct/2025 23:08:50] "[36mGET /static/js/register.js HTTP/1.1[0m" 304 -
2025-10-27 23:08:50,189 [INFO] 127.0.0.1 - - [27/Oct/2025 23:08:50] "GET /dashboard/tasks HTTP/1.1" 200 -
2025-10-27 23:08:50,213 [ERROR] 404 Error: /.well-known/appspecific/com.chrome.devtools.json
2025-10-27 23:08:50,215 [INFO] 127.0.0.1 - - [27/Oct/2025 23:08:50] "[33mGET /.well-known/appspecific/com.chrome.devtools.json HTTP/1.1[0m" 404 -
2025-10-27 23:08:50,218 [INFO] 127.0.0.1 - - [27/Oct/2025 23:08:50] "[36mGET /static/js/base.js HTTP/1.1[0m" 304 -
2025-10-27 23:08:50,222 [INFO] 127.0.0.1 - - [27/Oct/2025 23:08:50] "[36mGET /static/css/style.css HTTP/1.1[0m" 304 -
2025-10-27 23:08:50,226 [INFO] 127.0.0.1 - - [27/Oct/2025 23:08:50] "[36mGET /static/js/tasks.js HTTP/1.1[0m" 304 -
2025-10-27 23:08:50,248 [INFO] 127.0.0.1 - - [27/Oct/2025 23:08:50] "GET /dashboard/api/tasks HTTP/1.1" 200 -
2025-10-27 23:08:52,308 [INFO] 127.0.0.1 - - [27/Oct/2025 23:08:52] "POST /api/logout HTTP/1.1" 200 -
2025-10-27 23:08:52,325 [INFO] 127.0.0.1 - - [27/Oct/2025 23:08:52] "GET /login HTTP/1.1" 200 -
2025-10-27 23:08:52,353 [ERROR] 404 Error: /.well-known/appspecific/com.chrome.devtools.json
2025-10-27 23:08:52,355 [INFO] 127.0.0.1 - - [27/Oct/2025 23:08:52] "[33mGET /.well-known/appspecific/com.chrome.devtools.json HTTP/1.1[0m" 404 -
2025-10-27 23:08:52,361 [INFO] 127.0.0.1 - - [27/Oct/2025 23:08:52] "[36mGET /static/css/style.css HTTP/1.1[0m" 304 -
2025-10-27 23:08:52,367 [INFO] 127.0.0.1 - - [27/Oct/2025 23:08:52] "[36mGET /static/js/base.js HTTP/1.1[0m" 304 -
2025-10-27 23:08:52,441 [INFO] 127.0.0.1 - - [27/Oct/2025 23:08:52] "GET /static/js/login.js HTTP/1.1" 200 -
2025-10-27 23:08:59,320 [INFO] 127.0.0.1 - - [27/Oct/2025 23:08:59] "GET /register HTTP/1.1" 200 -
2025-10-27 23:08:59,359 [ERROR] 404 Error: /.well-known/appspecific/com.chrome.devtools.json
2025-10-27 23:08:59,362 [INFO] 127.0.0.1 - - [27/Oct/2025 23:08:59] "[33mGET /.well-known/appspecific/com.chrome.devtools.json HTTP/1.1[0m" 404 -
2025-10-27 23:08:59,370 [INFO] 127.0.0.1 - - [27/Oct/2025 23:08:59] "[36mGET /static/css/style.css HTTP/1.1[0m" 304 -
2025-10-27 23:08:59,373 [INFO] 127.0.0.1 - - [27/Oct/2025 23:08:59] "[36mGET /static/js/register.js HTTP/1.1[0m" 304 -
2025-10-27 23:08:59,376 [INFO] 127.0.0.1 - - [27/Oct/2025 23:08:59] "[36mGET /static/js/base.js HTTP/1.1[0m" 304 -
2025-10-27 23:09:00,397 [INFO] 127.0.0.1 - - [27/Oct/2025 23:09:00] "GET /login HTTP/1.1" 200 -
2025-10-27 23:09:00,427 [ERROR] 404 Error: /.well-known/appspecific/com.chrome.devtools.json
2025-10-27 23:09:00,435 [INFO] 127.0.0.1 - - [27/Oct/2025 23:09:00] "[33mGET /.well-known/appspecific/com.chrome.devtools.json HTTP/1.1[0m" 404 -
2025-10-27 23:09:00,442 [INFO] 127.0.0.1 - - [27/Oct/2025 23:09:00] "[36mGET /static/css/style.css HTTP/1.1[0m" 304 -
2025-10-27 23:09:00,449 [INFO] 127.0.0.1 - - [27/Oct/2025 23:09:00] "[36mGET /static/js/base.js HTTP/1.1[0m" 304 -
2025-10-27 23:09:00,452 [INFO] 127.0.0.1 - - [27/Oct/2025 23:09:00] "[36mGET /static/js/login.js HTTP/1.1[0m" 304 -
2025-10-27 23:09:06,457 [INFO] 127.0.0.1 - - [27/Oct/2025 23:09:06] "[31m[1mPOST /api/login HTTP/1.1[0m" 401 -
2025-10-27 23:09:21,575 [INFO] 127.0.0.1 - - [27/Oct/2025 23:09:21] "POST /api/login HTTP/1.1" 200 -
2025-10-27 23:09:21,591 [INFO] 127.0.0.1 - - [27/Oct/2025 23:09:21] "GET /dashboard/tasks HTTP/1.1" 200 -
2025-10-27 23:09:21,625 [ERROR] 404 Error: /.well-known/appspecific/com.chrome.devtools.json
2025-10-27 23:09:21,628 [INFO] 127.0.0.1 - - [27/Oct/2025 23:09:21] "[33mGET /.well-known/appspecific/com.chrome.devtools.json HTTP/1.1[0m" 404 -
2025-10-27 23:09:21,635 [INFO] 127.0.0.1 - - [27/Oct/2025 23:09:21] "[36mGET /static/js/base.js HTTP/1.1[0m" 304 -
2025-10-27 23:09:21,636 [INFO] 127.0.0.1 - - [27/Oct/2025 23:09:21] "[36mGET /static/css/style.css HTTP/1.1[0m" 304 -
2025-10-27 23:09:21,639 [INFO] 127.0.0.1 - - [27/Oct/2025 23:09:21] "[36mGET /static/js/tasks.js HTTP/1.1[0m" 304 -
2025-10-27 23:09:21,665 [INFO] 127.0.0.1 - - [27/Oct/2025 23:09:21] "GET /dashboard/api/tasks HTTP/1.1" 200 -
2025-10-27 23:09:26,708 [INFO] 127.0.0.1 - - [27/Oct/2025 23:09:26] "[35m[1mPOST /dashboard/api/tasks HTTP/1.1[0m" 201 -
2025-10-27 23:09:30,259 [INFO] 127.0.0.1 - - [27/Oct/2025 23:09:30] "[35m[1mPOST /dashboard/api/tasks HTTP/1.1[0m" 201 -
2025-10-27 23:09:33,244 [INFO] 127.0.0.1 - - [27/Oct/2025 23:09:33] "[35m[1mPOST /dashboard/api/tasks HTTP/1.1[0m" 201 -
2025-10-27 23:09:34,619 [INFO] 127.0.0.1 - - [27/Oct/2025 23:09:34] "PUT /dashboard/api/tasks/76 HTTP/1.1" 200 -
2025-10-27 23:09:35,513 [INFO] 127.0.0.1 - - [27/Oct/2025 23:09:35] "PUT /dashboard/api/tasks/76 HTTP/1.1" 200 -
2025-10-27 23:09:36,531 [INFO] 127.0.0.1 - - [27/Oct/2025 23:09:36] "PUT /dashboard/api/tasks/75 HTTP/1.1" 200 -
2025-10-27 23:09:37,123 [INFO] 127.0.0.1 - - [27/Oct/2025 23:09:37] "PUT /dashboard/api/tasks/75 HTTP/1.1" 200 -
2025-10-27 23:09:38,104 [INFO] 127.0.0.1 - - [27/Oct/2025 23:09:38] "PUT /dashboard/api/tasks/74 HTTP/1.1" 200 -
2025-10-27 23:09:38,563 [INFO] 127.0.0.1 - - [27/Oct/2025 23:09:38] "PUT /dashboard/api/tasks/74 HTTP/1.1" 200 -
2025-10-27 23:09:46,071 [INFO] 127.0.0.1 - - [27/Oct/2025 23:09:46] "DELETE /dashboard/api/tasks/76 HTTP/1.1" 200 -
2025-10-27 23:09:46,920 [INFO] 127.0.0.1 - - [27/Oct/2025 23:09:46] "DELETE /dashboard/api/tasks/75 HTTP/1.1" 200 -
2025-10-27 23:09:48,825 [INFO] 127.0.0.1 - - [27/Oct/2025 23:09:48] "PUT /dashboard/api/tasks/74 HTTP/1.1" 200 -
